<?xml version="1.0" encoding="UTF-8"?>
<!-- Generated by org.testng.reporters.JUnitXMLReporter -->
<testsuite ignored="0" hostname="DESKTOP-OMOB6BM" failures="0" tests="1" name="Test-Runner-Chrome" time="131.3" errors="0" timestamp="2023-10-13T20:06:31 IST">
  <testcase classname="ContactsTests.CreateContactTest" name="createContactTest" time="51.793"/>
</testsuite> <!-- Test-Runner-Chrome -->
