<?xml version="1.0" encoding="UTF-8"?>
<!-- Generated by org.testng.reporters.JUnitXMLReporter -->
<testsuite ignored="0" hostname="DESKTOP-OMOB6BM" failures="0" tests="1" name="Test-Runner-Edge" time="132.087" errors="0" timestamp="2023-10-13T20:06:32 IST">
  <testcase classname="ContactsTests.CreateContactTest" name="createContactTest" time="49.714"/>
</testsuite> <!-- Test-Runner-Edge -->
