<?xml version="1.0" encoding="UTF-8"?>
<!-- Generated by org.testng.reporters.JUnitReportReporter -->
<testsuite hostname="DESKTOP-OMOB6BM" failures="0" tests="1" name="OrganizationTests.CreateOrganizationWithIndustryTest" time="24.810" errors="0" timestamp="2023-10-18T15:47:46 IST" skipped="0">
  <testcase classname="OrganizationTests.CreateOrganizationWithIndustryTest" name="createOrgWithIndustryTest" time="24.810"/>
</testsuite> <!-- OrganizationTests.CreateOrganizationWithIndustryTest -->
