<?xml version="1.0" encoding="UTF-8"?>
<!-- Generated by org.testng.reporters.JUnitReportReporter -->
<testsuite hostname="DESKTOP-OMOB6BM" failures="0" tests="4" name="Practice.TestNGProgram" time="0.078" errors="0" timestamp="2023-10-03T20:52:29 IST" skipped="0">
  <testcase classname="Practice.TestNGProgram" name="modifyContact" time="0.009"/>
  <testcase classname="Practice.TestNGProgram" name="createContact" time="0.016"/>
  <testcase classname="Practice.TestNGProgram" name="createContact" time="0.046"/>
  <testcase classname="Practice.TestNGProgram" name="deleteContact" time="0.007"/>
</testsuite> <!-- Practice.TestNGProgram -->
