<?xml version="1.0" encoding="UTF-8"?>
<!-- Generated by org.testng.reporters.JUnitReportReporter -->
<testsuite hostname="DESKTOP-OMOB6BM" failures="0" tests="1" name="OrganizationTests.CreateOrganizationWithIndustry" time="31.201" errors="0" timestamp="2023-10-09T20:12:01 IST" skipped="0">
  <testcase classname="OrganizationTests.CreateOrganizationWithIndustry" name="createOrgWithIndustryTest" time="31.201"/>
</testsuite> <!-- OrganizationTests.CreateOrganizationWithIndustry -->
