<?xml version="1.0" encoding="UTF-8"?>
<!-- Generated by org.testng.reporters.JUnitReportReporter -->
<testsuite hostname="DESKTOP-OMOB6BM" failures="0" tests="1" name="OrganizationTests.CreateOrganizationWithIndustryAndTypeTest" time="25.974" errors="0" timestamp="2023-10-10T21:01:07 IST" skipped="0">
  <testcase classname="OrganizationTests.CreateOrganizationWithIndustryAndTypeTest" name="createorgWithIndustryandTypeTest" time="25.974"/>
</testsuite> <!-- OrganizationTests.CreateOrganizationWithIndustryAndTypeTest -->
