<?xml version="1.0" encoding="UTF-8"?>
<!-- Generated by org.testng.reporters.JUnitReportReporter -->
<testsuite hostname="DESKTOP-OMOB6BM" failures="0" tests="1" name="Practice.Scenario1" time="34.962" errors="0" timestamp="2023-10-03T19:36:36 IST" skipped="0">
  <testcase classname="Practice.Scenario1" name="senario1Test" time="34.962"/>
</testsuite> <!-- Practice.Scenario1 -->
