<?xml version="1.0" encoding="UTF-8"?>
<!-- Generated by org.testng.reporters.JUnitReportReporter -->
<testsuite hostname="DESKTOP-OMOB6BM" failures="0" tests="1" name="ContactsTests.CreateContactTest" time="28.256" errors="0" timestamp="2023-10-19T21:52:44 IST" skipped="0">
  <testcase classname="ContactsTests.CreateContactTest" name="createContactTest" time="28.256">
    <system-out>
      <![CDATA[Clicked on contacts link...
Clicked on contacts look up image...
Contact created successfully...
Header Captured...]]>
    </system-out>
  </testcase> <!-- createContactTest -->
  <system-out>
    <![CDATA[Clicked on contacts link...
Clicked on contacts look up image...
Contact created successfully...
Header Captured...]]>
  </system-out>
</testsuite> <!-- ContactsTests.CreateContactTest -->
