<?xml version="1.0" encoding="UTF-8"?>
<!-- Generated by org.testng.reporters.JUnitReportReporter -->
<testsuite hostname="DESKTOP-OMOB6BM" failures="0" tests="1" name="ContactsTests.CreateContactWithOrganizationTest" time="60.289" errors="0" timestamp="2023-10-17T19:22:56 IST" skipped="0">
  <testcase classname="ContactsTests.CreateContactWithOrganizationTest" name="createContactWithOrgTest" time="60.289"/>
</testsuite> <!-- ContactsTests.CreateContactWithOrganizationTest -->
